<?xml version="1.0" encoding="UTF-8"?>
<!-- Generated by org.testng.reporters.JUnitReportReporter -->
<testsuite hostname="SYNPYPUL9161DJZ" failures="0" tests="4" name="com.synechron.testng.Priorityseteg" time="0.018" errors="0" timestamp="2024-12-05T11:13:50 IST" skipped="0">
  <testcase classname="com.synechron.testng.Priorityseteg" name="m1" time="0.014"/>
  <system-out/>
  <testcase classname="com.synechron.testng.Priorityseteg" name="m3" time="0.001"/>
  <system-out/>
  <testcase classname="com.synechron.testng.Priorityseteg" name="m4" time="0.002"/>
  <system-out/>
  <testcase classname="com.synechron.testng.Priorityseteg" name="m2" time="0.001"/>
  <system-out/>
</testsuite> <!-- com.synechron.testng.Priorityseteg -->
