<?xml version="1.0" encoding="UTF-8"?>
<!-- Generated by org.testng.reporters.JUnitReportReporter -->
<testsuite hostname="SYNPYPUL9161DJZ" failures="0" tests="1" name="Synechron.testng.Testcase1" time="6.382" errors="0" timestamp="2024-12-05T10:35:22 IST" skipped="0">
  <testcase classname="Synechron.testng.Testcase1" name="launchbrowser" time="6.382"/>
  <system-out/>
</testsuite> <!-- Synechron.testng.Testcase1 -->
