<?xml version="1.0" encoding="UTF-8"?>
<!-- Generated by org.testng.reporters.JUnitReportReporter -->
<testsuite hostname="SYNPYPUL9161DJZ" failures="0" tests="1" name="com.synechron.testng.Testcase1" time="6.156" errors="0" timestamp="2024-12-05T11:30:42 IST" skipped="0">
  <testcase classname="com.synechron.testng.Testcase1" name="launchbrowser" time="6.156"/>
  <system-out/>
</testsuite> <!-- com.synechron.testng.Testcase1 -->
