<?xml version="1.0" encoding="UTF-8"?>
<!-- Generated by org.testng.reporters.JUnitReportReporter -->
<testsuite hostname="SYNPYPUL9161DJZ" failures="0" tests="2" name="com.synechron.testng.Parallelexeg" time="42.367" errors="0" timestamp="2024-12-05T11:50:07 IST" skipped="0">
  <testcase classname="com.synechron.testng.Parallelexeg" name="launchbrowser" time="8.044"/>
  <system-out/>
  <testcase classname="com.synechron.testng.Parallelexeg" name="launchbrowser1" time="34.323"/>
  <system-out/>
</testsuite> <!-- com.synechron.testng.Parallelexeg -->
