<?xml version="1.0" encoding="UTF-8"?>
<!-- Generated by org.testng.reporters.JUnitReportReporter -->
<testsuite hostname="SYNPYPUL9161DJZ" failures="0" tests="1" name="com.synechron.testng.Testcase4" time="8.743" errors="0" timestamp="2024-12-05T11:03:33 IST" skipped="0">
  <testcase classname="com.synechron.testng.Testcase4" name="scroll" time="8.743"/>
  <system-out/>
</testsuite> <!-- com.synechron.testng.Testcase4 -->
