<?xml version="1.0" encoding="UTF-8"?>
<!-- Generated by org.testng.reporters.JUnitReportReporter -->
<testsuite hostname="SYNPYPUL9161DJZ" failures="0" tests="2" name="com.synechron.testng.Dependsmethod" time="0.013" errors="0" timestamp="2024-12-05T12:35:46 IST" skipped="0">
  <testcase classname="com.synechron.testng.Dependsmethod" name="login" time="0.012"/>
  <system-out/>
  <testcase classname="com.synechron.testng.Dependsmethod" name="addcoat" time="0.001"/>
  <system-out/>
</testsuite> <!-- com.synechron.testng.Dependsmethod -->
