<?xml version="1.0" encoding="UTF-8"?>
<!-- Generated by org.testng.reporters.JUnitReportReporter -->
<testsuite hostname="SYNPYPUL9161DJZ" failures="0" tests="1" name="com.synechron.testng.Parameterseg" time="10.092" errors="0" timestamp="2024-12-05T12:26:48 IST" skipped="0">
  <testcase classname="com.synechron.testng.Parameterseg" name="launchbrow" time="10.092"/>
  <system-out/>
</testsuite> <!-- com.synechron.testng.Parameterseg -->
