<?xml version="1.0" encoding="UTF-8"?>
<!-- Generated by org.testng.reporters.JUnitReportReporter -->
<testsuite hostname="SYNPYPUL9161DJZ" failures="0" tests="2" name="com.synechron.testng.Annottionseg" time="0.012" errors="0" timestamp="2024-12-05T13:09:44 IST" skipped="0">
  <testcase classname="com.synechron.testng.Annottionseg" name="tc4" time="0.003"/>
  <system-out/>
  <testcase classname="com.synechron.testng.Annottionseg" name="tc1" time="0.009"/>
  <system-out/>
</testsuite> <!-- com.synechron.testng.Annottionseg -->
